[02-09 20:11:38]: [INFO] Created column 'regdate' and set the current timestamp, 1612890698844, to all 0 rows
[02-09 20:11:38]: [INFO] SQLite Setup finished
[02-09 20:11:38]: [INFO] No supported permissions system found! Permissions are disabled!
[02-09 20:11:38]: [INFO] Hooked successfully into Essentials
[02-09 20:11:38]: [INFO] Essentials spawn file not found: 'C:\Users\Dns\Desktop\vvvvvv-servak\plugins\Essentials\spawn.yml'
[02-09 20:11:39]: [WARN] Could not download GeoLiteAPI database [UnknownHostException]: geolite.maxmind.com
[02-09 20:11:39]: java.net.UnknownHostException: geolite.maxmind.com
	at java.net.AbstractPlainSocketImpl.connect(Unknown Source)
	at java.net.PlainSocketImpl.connect(Unknown Source)
	at java.net.SocksSocketImpl.connect(Unknown Source)
	at java.net.Socket.connect(Unknown Source)
	at sun.net.NetworkClient.doConnect(Unknown Source)
	at sun.net.www.http.HttpClient.openServer(Unknown Source)
	at sun.net.www.http.HttpClient.openServer(Unknown Source)
	at sun.net.www.http.HttpClient.<init>(Unknown Source)
	at sun.net.www.http.HttpClient.New(Unknown Source)
	at sun.net.www.http.HttpClient.New(Unknown Source)
	at sun.net.www.protocol.http.HttpURLConnection.getNewHttpClient(Unknown Source)
	at sun.net.www.protocol.http.HttpURLConnection.plainConnect0(Unknown Source)
	at sun.net.www.protocol.http.HttpURLConnection.plainConnect(Unknown Source)
	at sun.net.www.protocol.http.HttpURLConnection.connect(Unknown Source)
	at fr.xephi.authme.service.GeoIpService$1.run(GeoIpService.java:93)
	at java.lang.Thread.run(Unknown Source)

[02-09 20:11:39]: [WARN] WARNING! The protectInventory feature requires ProtocolLib! Disabling it...
[02-09 20:11:39]: [INFO] Development builds are available on our jenkins, thanks to f14stelt.
[02-09 20:11:39]: [INFO] Do you want a good game server? Look at our sponsor GameHosting.it leader in Italy as Game Server Provider!
[02-09 20:11:39]: [INFO] AuthMe 5.4.0 build n.1877 correctly enabled!
[02-09 20:12:22]: [INFO] AuthMe 5.4.0-b1877 disabled!
[02-09 20:12:34]: [INFO] SQLite Setup finished
[02-09 20:12:34]: [INFO] No supported permissions system found! Permissions are disabled!
[02-09 20:12:34]: [INFO] Hooked successfully into Essentials
[02-09 20:12:34]: [INFO] Essentials spawn file not found: 'C:\Users\Dns\Desktop\vvvvvv-servak\plugins\Essentials\spawn.yml'
[02-09 20:12:34]: [WARN] Could not download GeoLiteAPI database [UnknownHostException]: geolite.maxmind.com
[02-09 20:12:34]: java.net.UnknownHostException: geolite.maxmind.com
	at java.net.AbstractPlainSocketImpl.connect(Unknown Source)
	at java.net.PlainSocketImpl.connect(Unknown Source)
	at java.net.SocksSocketImpl.connect(Unknown Source)
	at java.net.Socket.connect(Unknown Source)
	at sun.net.NetworkClient.doConnect(Unknown Source)
	at sun.net.www.http.HttpClient.openServer(Unknown Source)
	at sun.net.www.http.HttpClient.openServer(Unknown Source)
	at sun.net.www.http.HttpClient.<init>(Unknown Source)
	at sun.net.www.http.HttpClient.New(Unknown Source)
	at sun.net.www.http.HttpClient.New(Unknown Source)
	at sun.net.www.protocol.http.HttpURLConnection.getNewHttpClient(Unknown Source)
	at sun.net.www.protocol.http.HttpURLConnection.plainConnect0(Unknown Source)
	at sun.net.www.protocol.http.HttpURLConnection.plainConnect(Unknown Source)
	at sun.net.www.protocol.http.HttpURLConnection.connect(Unknown Source)
	at fr.xephi.authme.service.GeoIpService$1.run(GeoIpService.java:93)
	at java.lang.Thread.run(Unknown Source)

[02-09 20:12:34]: [WARN] WARNING! The protectInventory feature requires ProtocolLib! Disabling it...
[02-09 20:12:34]: [INFO] Development builds are available on our jenkins, thanks to f14stelt.
[02-09 20:12:34]: [INFO] Do you want a good game server? Look at our sponsor GameHosting.it leader in Italy as Game Server Provider!
[02-09 20:12:34]: [INFO] AuthMe 5.4.0 build n.1877 correctly enabled!
[02-09 20:12:53]: [INFO] AuthMe 5.4.0-b1877 disabled!
[02-09 20:13:08]: [INFO] SQLite Setup finished
[02-09 20:13:08]: [INFO] No supported permissions system found! Permissions are disabled!
[02-09 20:13:08]: [WARN] Could not download GeoLiteAPI database [UnknownHostException]: geolite.maxmind.com
[02-09 20:13:08]: java.net.UnknownHostException: geolite.maxmind.com
	at java.net.AbstractPlainSocketImpl.connect(Unknown Source)
	at java.net.PlainSocketImpl.connect(Unknown Source)
	at java.net.SocksSocketImpl.connect(Unknown Source)
	at java.net.Socket.connect(Unknown Source)
	at sun.net.NetworkClient.doConnect(Unknown Source)
	at sun.net.www.http.HttpClient.openServer(Unknown Source)
	at sun.net.www.http.HttpClient.openServer(Unknown Source)
	at sun.net.www.http.HttpClient.<init>(Unknown Source)
	at sun.net.www.http.HttpClient.New(Unknown Source)
	at sun.net.www.http.HttpClient.New(Unknown Source)
	at sun.net.www.protocol.http.HttpURLConnection.getNewHttpClient(Unknown Source)
	at sun.net.www.protocol.http.HttpURLConnection.plainConnect0(Unknown Source)
	at sun.net.www.protocol.http.HttpURLConnection.plainConnect(Unknown Source)
	at sun.net.www.protocol.http.HttpURLConnection.connect(Unknown Source)
	at fr.xephi.authme.service.GeoIpService$1.run(GeoIpService.java:93)
	at java.lang.Thread.run(Unknown Source)

[02-09 20:13:08]: [INFO] Hooked successfully into Essentials
[02-09 20:13:08]: [INFO] Essentials spawn file not found: 'C:\Users\Dns\Desktop\vvvvvv-servak\plugins\Essentials\spawn.yml'
[02-09 20:13:08]: [WARN] WARNING! The protectInventory feature requires ProtocolLib! Disabling it...
[02-09 20:13:08]: [INFO] Development builds are available on our jenkins, thanks to f14stelt.
[02-09 20:13:08]: [INFO] Do you want a good game server? Look at our sponsor GameHosting.it leader in Italy as Game Server Provider!
[02-09 20:13:08]: [INFO] AuthMe 5.4.0 build n.1877 correctly enabled!
[02-09 20:13:30]: [FINE] EternalKnight registered 127.0.0.1
[02-09 20:13:30]: [FINE] EternalKnight logged in!
[02-09 20:17:13]: [INFO] SQLite Setup finished
[02-09 20:17:13]: [INFO] No supported permissions system found! Permissions are disabled!
[02-09 20:17:13]: [WARN] Could not download GeoLiteAPI database [UnknownHostException]: geolite.maxmind.com
[02-09 20:17:13]: java.net.UnknownHostException: geolite.maxmind.com
	at java.net.AbstractPlainSocketImpl.connect(Unknown Source)
	at java.net.PlainSocketImpl.connect(Unknown Source)
	at java.net.SocksSocketImpl.connect(Unknown Source)
	at java.net.Socket.connect(Unknown Source)
	at sun.net.NetworkClient.doConnect(Unknown Source)
	at sun.net.www.http.HttpClient.openServer(Unknown Source)
	at sun.net.www.http.HttpClient.openServer(Unknown Source)
	at sun.net.www.http.HttpClient.<init>(Unknown Source)
	at sun.net.www.http.HttpClient.New(Unknown Source)
	at sun.net.www.http.HttpClient.New(Unknown Source)
	at sun.net.www.protocol.http.HttpURLConnection.getNewHttpClient(Unknown Source)
	at sun.net.www.protocol.http.HttpURLConnection.plainConnect0(Unknown Source)
	at sun.net.www.protocol.http.HttpURLConnection.plainConnect(Unknown Source)
	at sun.net.www.protocol.http.HttpURLConnection.connect(Unknown Source)
	at fr.xephi.authme.service.GeoIpService$1.run(GeoIpService.java:93)
	at java.lang.Thread.run(Unknown Source)

[02-09 20:17:13]: [WARN] WARNING! The protectInventory feature requires ProtocolLib! Disabling it...
[02-09 20:17:13]: [INFO] Development builds are available on our jenkins, thanks to f14stelt.
[02-09 20:17:13]: [INFO] Do you want a good game server? Look at our sponsor GameHosting.it leader in Italy as Game Server Provider!
[02-09 20:17:13]: [INFO] AuthMe 5.4.0 build n.1877 correctly enabled!
[02-09 20:21:49]: [INFO] SQLite Setup finished
[02-09 20:21:49]: [INFO] No supported permissions system found! Permissions are disabled!
[02-09 20:21:49]: [WARN] Could not download GeoLiteAPI database [UnknownHostException]: geolite.maxmind.com
[02-09 20:21:49]: java.net.UnknownHostException: geolite.maxmind.com
	at java.net.AbstractPlainSocketImpl.connect(Unknown Source)
	at java.net.PlainSocketImpl.connect(Unknown Source)
	at java.net.SocksSocketImpl.connect(Unknown Source)
	at java.net.Socket.connect(Unknown Source)
	at sun.net.NetworkClient.doConnect(Unknown Source)
	at sun.net.www.http.HttpClient.openServer(Unknown Source)
	at sun.net.www.http.HttpClient.openServer(Unknown Source)
	at sun.net.www.http.HttpClient.<init>(Unknown Source)
	at sun.net.www.http.HttpClient.New(Unknown Source)
	at sun.net.www.http.HttpClient.New(Unknown Source)
	at sun.net.www.protocol.http.HttpURLConnection.getNewHttpClient(Unknown Source)
	at sun.net.www.protocol.http.HttpURLConnection.plainConnect0(Unknown Source)
	at sun.net.www.protocol.http.HttpURLConnection.plainConnect(Unknown Source)
	at sun.net.www.protocol.http.HttpURLConnection.connect(Unknown Source)
	at fr.xephi.authme.service.GeoIpService$1.run(GeoIpService.java:93)
	at java.lang.Thread.run(Unknown Source)

[02-09 20:21:49]: [WARN] WARNING! The protectInventory feature requires ProtocolLib! Disabling it...
[02-09 20:21:49]: [INFO] Development builds are available on our jenkins, thanks to f14stelt.
[02-09 20:21:49]: [INFO] Do you want a good game server? Look at our sponsor GameHosting.it leader in Italy as Game Server Provider!
[02-09 20:21:49]: [INFO] AuthMe 5.4.0 build n.1877 correctly enabled!
[02-09 20:22:26]: [FINE] EternalKnight logged in!
[02-09 20:27:32]: [INFO] AuthMe 5.4.0-b1877 disabled!
